# JRE version: OpenJDK Runtime Environment (8.0_152-b01) (build 1.8.0_152-release-915-b01)
# Java VM: OpenJDK 64-Bit Server VM (25.152-b01 mixed mode windows-amd64 compressed oops)
Heap:
 PSYoungGen      total 453632K, used 206732K [0x00000000e0000000, 0x0000000100000000, 0x0000000100000000)
  eden space 410624K, 39% used [0x00000000e0000000,0x00000000ea0248d8,0x00000000f9100000)
  from space 43008K, 99% used [0x00000000f9100000,0x00000000fbabeac8,0x00000000fbb00000)
  to   space 60416K, 0% used [0x00000000fc500000,0x00000000fc500000,0x0000000100000000)
 ParOldGen       total 133120K, used 102681K [0x00000000a0000000, 0x00000000a8200000, 0x00000000e0000000)
  object space 133120K, 77% used [0x00000000a0000000,0x00000000a64466f8,0x00000000a8200000)
 Metaspace       used 83081K, capacity 88782K, committed 89984K, reserved 1128448K
  class space    used 10240K, capacity 11552K, committed 11904K, reserved 1048576K
GC Heap History (10 events):
Event: 20105.660 GC heap before
{Heap before GC invocations=38 (full 5):
 PSYoungGen      total 479744K, used 447374K [0x00000000e0000000, 0x00000000ffd80000, 0x0000000100000000)
  eden space 441856K, 100% used [0x00000000e0000000,0x00000000faf80000,0x00000000faf80000)
  from space 37888K, 14% used [0x00000000fd880000,0x00000000fdde3828,0x00000000ffd80000)
  to   space 39936K, 0% used [0x00000000faf80000,0x00000000faf80000,0x00000000fd680000)
 ParOldGen       total 133120K, used 74216K [0x00000000a0000000, 0x00000000a8200000, 0x00000000e0000000)
  object space 133120K, 55% used [0x00000000a0000000,0x00000000a487a1a0,0x00000000a8200000)
 Metaspace       used 82131K, capacity 87384K, committed 89984K, reserved 1128448K
  class space    used 10140K, capacity 11327K, committed 11904K, reserved 1048576K
Event: 20106.528 GC heap after
Heap after GC invocations=38 (full 5):
 PSYoungGen      total 481792K, used 39908K [0x00000000e0000000, 0x0000000100000000, 0x0000000100000000)
  eden space 441856K, 0% used [0x00000000e0000000,0x00000000e0000000,0x00000000faf80000)
  from space 39936K, 99% used [0x00000000faf80000,0x00000000fd679118,0x00000000fd680000)
  to   space 42496K, 0% used [0x00000000fd680000,0x00000000fd680000,0x0000000100000000)
 ParOldGen       total 133120K, used 102657K [0x00000000a0000000, 0x00000000a8200000, 0x00000000e0000000)
  object space 133120K, 77% used [0x00000000a0000000,0x00000000a64406f8,0x00000000a8200000)
 Metaspace       used 82131K, capacity 87384K, committed 89984K, reserved 1128448K
  class space    used 10140K, capacity 11327K, committed 11904K, reserved 1048576K
}
Event: 20204.731 GC heap before
{Heap before GC invocations=39 (full 5):
 PSYoungGen      total 481792K, used 481764K [0x00000000e0000000, 0x0000000100000000, 0x0000000100000000)
  eden space 441856K, 100% used [0x00000000e0000000,0x00000000faf80000,0x00000000faf80000)
  from space 39936K, 99% used [0x00000000faf80000,0x00000000fd679118,0x00000000fd680000)
  to   space 42496K, 0% used [0x00000000fd680000,0x00000000fd680000,0x0000000100000000)
 ParOldGen       total 133120K, used 102657K [0x00000000a0000000, 0x00000000a8200000, 0x00000000e0000000)
  object space 133120K, 77% used [0x00000000a0000000,0x00000000a64406f8,0x00000000a8200000)
 Metaspace       used 82175K, capacity 87400K, committed 89984K, reserved 1128448K
  class space    used 10143K, capacity 11331K, committed 11904K, reserved 1048576K
Event: 20206.273 GC heap after
Heap after GC invocations=39 (full 5):
 PSYoungGen      total 453120K, used 30538K [0x00000000e0000000, 0x0000000100000000, 0x0000000100000000)
  eden space 410624K, 0% used [0x00000000e0000000,0x00000000e0000000,0x00000000f9100000)
  from space 42496K, 71% used [0x00000000fd680000,0x00000000ff452aa8,0x0000000100000000)
  to   space 56832K, 0% used [0x00000000f9100000,0x00000000f9100000,0x00000000fc880000)
 ParOldGen       total 133120K, used 102665K [0x00000000a0000000, 0x00000000a8200000, 0x00000000e0000000)
  object space 133120K, 77% used [0x00000000a0000000,0x00000000a64426f8,0x00000000a8200000)
 Metaspace       used 82175K, capacity 87400K, committed 89984K, reserved 1128448K
  class space    used 10143K, capacity 11331K, committed 11904K, reserved 1048576K
}
Event: 20225.392 GC heap before
{Heap before GC invocations=40 (full 5):
 PSYoungGen      total 453120K, used 440760K [0x00000000e0000000, 0x0000000100000000, 0x0000000100000000)
  eden space 410624K, 99% used [0x00000000e0000000,0x00000000f909b6c8,0x00000000f9100000)
  from space 42496K, 71% used [0x00000000fd680000,0x00000000ff452aa8,0x0000000100000000)
  to   space 56832K, 0% used [0x00000000f9100000,0x00000000f9100000,0x00000000fc880000)
 ParOldGen       total 133120K, used 102665K [0x00000000a0000000, 0x00000000a8200000, 0x00000000e0000000)
  object space 133120K, 77% used [0x00000000a0000000,0x00000000a64426f8,0x00000000a8200000)
 Metaspace       used 82241K, capacity 87482K, committed 89984K, reserved 1128448K
  class space    used 10143K, capacity 11332K, committed 11904K, reserved 1048576K
Event: 20225.456 GC heap after
Heap after GC invocations=40 (full 5):
 PSYoungGen      total 467456K, used 30228K [0x00000000e0000000, 0x0000000100000000, 0x0000000100000000)
  eden space 410624K, 0% used [0x00000000e0000000,0x00000000e0000000,0x00000000f9100000)
  from space 56832K, 53% used [0x00000000f9100000,0x00000000fae85390,0x00000000fc880000)
  to   space 56832K, 0% used [0x00000000fc880000,0x00000000fc880000,0x0000000100000000)
 ParOldGen       total 133120K, used 102673K [0x00000000a0000000, 0x00000000a8200000, 0x00000000e0000000)
  object space 133120K, 77% used [0x00000000a0000000,0x00000000a64446f8,0x00000000a8200000)
 Metaspace       used 82241K, capacity 87482K, committed 89984K, reserved 1128448K
  class space    used 10143K, capacity 11332K, committed 11904K, reserved 1048576K
}
Event: 21062.434 GC heap before
{Heap before GC invocations=41 (full 5):
 PSYoungGen      total 467456K, used 440852K [0x00000000e0000000, 0x0000000100000000, 0x0000000100000000)
  eden space 410624K, 100% used [0x00000000e0000000,0x00000000f9100000,0x00000000f9100000)
  from space 56832K, 53% used [0x00000000f9100000,0x00000000fae85390,0x00000000fc880000)
  to   space 56832K, 0% used [0x00000000fc880000,0x00000000fc880000,0x0000000100000000)
 ParOldGen       total 133120K, used 102673K [0x00000000a0000000, 0x00000000a8200000, 0x00000000e0000000)
  object space 133120K, 77% used [0x00000000a0000000,0x00000000a64446f8,0x00000000a8200000)
 Metaspace       used 82698K, capacity 88210K, committed 89984K, reserved 1128448K
  class space    used 10199K, capacity 11450K, committed 11904K, reserved 1048576K
Event: 21070.438 GC heap after
Heap after GC invocations=41 (full 5):
 PSYoungGen      total 467456K, used 32197K [0x00000000e0000000, 0x0000000100000000, 0x0000000100000000)
  eden space 410624K, 0% used [0x00000000e0000000,0x00000000e0000000,0x00000000f9100000)
  from space 56832K, 56% used [0x00000000fc880000,0x00000000fe7f1560,0x0000000100000000)
  to   space 56832K, 0% used [0x00000000f9100000,0x00000000f9100000,0x00000000fc880000)
 ParOldGen       total 133120K, used 102681K [0x00000000a0000000, 0x00000000a8200000, 0x00000000e0000000)
  object space 133120K, 77% used [0x00000000a0000000,0x00000000a64466f8,0x00000000a8200000)
 Metaspace       used 82698K, capacity 88210K, committed 89984K, reserved 1128448K
  class space    used 10199K, capacity 11450K, committed 11904K, reserved 1048576K
}
Event: 26922.652 GC heap before
{Heap before GC invocations=42 (full 5):
 PSYoungGen      total 467456K, used 442821K [0x00000000e0000000, 0x0000000100000000, 0x0000000100000000)
  eden space 410624K, 100% used [0x00000000e0000000,0x00000000f9100000,0x00000000f9100000)
  from space 56832K, 56% used [0x00000000fc880000,0x00000000fe7f1560,0x0000000100000000)
  to   space 56832K, 0% used [0x00000000f9100000,0x00000000f9100000,0x00000000fc880000)
 ParOldGen       total 133120K, used 102681K [0x00000000a0000000, 0x00000000a8200000, 0x00000000e0000000)
  object space 133120K, 77% used [0x00000000a0000000,0x00000000a64466f8,0x00000000a8200000)
 Metaspace       used 82960K, capacity 88628K, committed 89984K, reserved 1128448K
  class space    used 10234K, capacity 11545K, committed 11904K, reserved 1048576K
Event: 26929.859 GC heap after
Heap after GC invocations=42 (full 5):
 PSYoungGen      total 453632K, used 42746K [0x00000000e0000000, 0x0000000100000000, 0x0000000100000000)
  eden space 410624K, 0% used [0x00000000e0000000,0x00000000e0000000,0x00000000f9100000)
  from space 43008K, 99% used [0x00000000f9100000,0x00000000fbabeac8,0x00000000fbb00000)
  to   space 60416K, 0% used [0x00000000fc500000,0x00000000fc500000,0x0000000100000000)
 ParOldGen       total 133120K, used 102681K [0x00000000a0000000, 0x00000000a8200000, 0x00000000e0000000)
  object space 133120K, 77% used [0x00000000a0000000,0x00000000a64466f8,0x00000000a8200000)
 Metaspace       used 82960K, capacity 88628K, committed 89984K, reserved 1128448K
  class space    used 10234K, capacity 11545K, committed 11904K, reserved 1048576K
}

